[10-17-14 20:05:03][information] Application Import (Desmond/Exceptions):  
[10-17-14 20:05:03][information] Application Import (PHPError/Debug):  
[10-17-14 20:05:03][information] Application Import (Kint::Kint.class.php):  
[10-17-14 20:05:03][information] Application Import (Desmond/Controller):  
[10-17-14 20:05:03][information] Application Import (Desmond::Controller::IController.php):  
[10-17-14 20:05:03][information] Application Import (Desmond/Template):  
[10-17-14 20:05:03][information] Application Import (Twig::Autoloader.php):  
[10-17-14 20:05:03][information] Application Import (Desmond/Database/DBAL):  
[10-17-14 20:05:03][information] Application Import (Desmond::Database::DBAL::Drivers::IDatabaseConnection.php):  
[10-17-14 20:05:03][information] Application Import (Desmond::Database::DBAL::Drivers::IDatabaseQuery.php):  
[10-17-14 20:05:03][information] Application Import (Desmond/Database/DBAL/Drivers/MySQL):  
[10-17-14 20:05:03][information] Application Import (Desmond::Database::DBAL::Drivers::IDatabaseQuery.php):  
[10-17-14 20:05:03][information] Application Import (Desmond::Database::DBAL::Exceptions::DatabaseQueryException.php):  
[10-17-14 20:05:03][information] Application Import (Desmond::Database::DBAL::Exceptions::DatabaseNoQueryException.php):  
[10-17-14 20:05:03][information] Application Import (Desmond::Database::DBAL::Drivers::IDatabaseConnection.php):  
[10-17-14 20:05:03][information] Application Import (Desmond::Database::DBAL::Exceptions::DatabaseConnectionException.php):  
[10-17-14 20:05:03][information] Application Import (/home/mark/sites/red/public/libraries/Desmond/Database/DBAL/Drivers):  
[10-17-14 20:05:03][information] Application Import (Desmond::Database::DBAL::Drivers::IDatabaseConnection.php):  
[10-17-14 20:05:03][information] Application Import (Desmond/Database/DBAL/Drivers/MySQL):  
[10-17-14 20:05:03][information] Application Import (Desmond/Database/DBAL/Drivers/SQLite):  
[10-17-14 20:05:03][information] Application Import (Desmond::Database::DBAL::Drivers::IDatabaseQuery.php):  
[10-17-14 20:05:03][information] Application Import (Desmond::Database::DBAL::Exceptions::DatabaseQueryException.php):  
[10-17-14 20:05:03][information] Application Import (Desmond::Database::DBAL::Exceptions::DatabaseNoQueryException.php):  
[10-17-14 20:05:03][information] Application Import (Desmond::Database::DBAL::Drivers::IDatabaseConnection.php):  
[10-17-14 20:05:03][information] Application Import (Desmond::Database::DBAL::Exceptions::DatabaseConnectionException.php):  
[10-17-14 20:05:03][information] Application Import (Desmond/Database/DBAL):  
[10-17-14 20:05:03][information] Application Import (/home/mark/sites/red/public/libraries/Desmond/Database/DBAL/Drivers):  
[10-17-14 20:05:03][information] Application Import (/home/mark/sites/red/public/libraries/Desmond/Database/DBAL/Exceptions):  
[10-17-14 20:05:03][information] Application Import (/home/mark/sites/red/public/libraries/Desmond/Database/DBAL/Query):  
[10-17-14 20:05:03][information] Application Import (Desmond/Database/DBAL/Query):  
[10-17-14 20:05:03][information] Application Import (Desmond::Database::DBAL::Query::IQueryBuilder.php):  
[10-17-14 20:05:03][information] Application Import (Desmond::Database::DBAL::Exceptions::QueryBuilderNoTableException.php):  
[10-17-14 20:05:03][information] Application Import (Desmond::Database::DBAL::Exceptions::QueryBuilderWhereOperatorException.php):  
[10-17-14 20:05:03][information] Application Import (Desmond/Database/DBAL/Drivers/MySQL):  
[10-17-14 20:05:03][information] Application Import (/home/mark/sites/red/public/libraries/Desmond/Database/DBAL/Exceptions):  
[10-17-14 20:05:03][information] Application Import (/home/mark/sites/red/public/libraries/Desmond/Database/DBAL/Query):  
[10-17-14 20:05:03][information] Application Import (Desmond::Database::DBAL::Database.php):  
[10-17-14 20:05:03][information] Application Import (Desmond/Database/DBAL/Query):  
[10-17-14 20:05:03][information] Application Import (Desmond/Database/DBAL/Drivers/MySQL):  
[10-17-14 20:05:03][information] Application Import (Desmond/Database/ORM):  
[10-17-14 20:05:03][information] Application Import (Desmond::Database::ORM::IModel.php):  
[10-17-14 20:05:03][information] Application Import (Valitron::Validator::Validator.php):  
[10-17-14 20:05:03][information] Application Import (Desmond::Auth::Password::IPassword.php):  
[10-17-14 20:05:03][information] Application Import (Desmond::Auth::Password::Password.php):  
[10-17-14 20:05:03][information] Application Import (Desmond::Auth::Auth::IAuth.php):  
[10-17-14 20:05:03][information] Application Import (Desmond::Auth::Auth::Auth.php):  
[10-17-14 20:05:03][information] Application Import (Swift::Mail::swift_required.php):  
[10-17-14 20:05:03][information] Application Import (Desmond::Mail::Mail.php):  
[10-17-14 20:05:03][information] Application Import (Models):  
[10-17-14 20:05:03][information] Application Import (Desmond::Element::Element.php):  
[10-17-14 20:05:03][information] Application Import (Desmond/HTTP/Router):  
[10-17-14 20:05:03][information] Application Import (Desmond::HTTP::Router::IRouterQuery.php):  
[10-17-14 20:05:03][information] Application Import (Desmond::HTTP::Router::Query.php):  
[10-17-14 20:05:03][information] Application Import (Desmond/HTTP/Request):  
[10-17-14 20:05:03][information] Application Import (Desmond::HTTP::Request::IRequest.php):  
[10-17-14 20:05:03][information] Application Import (Desmond/HTTP/Response):  
[10-17-14 20:05:03][information] Application Import (Desmond::HTTP::Response::IResponse.php):  
[10-17-14 20:05:03][information] Application Import (Desmond/Session/Memory):  
[10-17-14 20:05:03][information] Application Import (Desmond::Session::ISession.php):  
[10-17-14 20:05:03][information] Application Import (Desmond/Caching/Memory):  
[10-17-14 20:05:03][information] Application Import (Desmond::Caching::Memory::IMemoryCache.php):  
[10-17-14 20:05:03][information] Application Import (Desmond/Language/Loader):  
[10-17-14 20:05:03][information] Application Import (Desmond::Language::Loader::ILanguage.php):  
[10-17-14 20:05:03][information] Application Import (Desmond::Auth::Password::IPassword.php):  
[10-17-14 20:05:03][information] Application Import (Phpass::Hasher::hasher.php):  
[10-17-14 20:05:03][information] Application Import (Desmond::Auth::Password::Drivers::Blowfish.php):  
[10-17-14 20:05:03][information] Application Import (Desmond::Auth::Auth::IAuth.php):  
[10-17-14 20:05:03][information] Application Import (Desmond::Auth::Auth::Drivers::Model.php):  
[10-17-14 20:05:04][information] Application Import (Desmond/Exceptions):  
[10-17-14 20:05:04][information] Application Import (PHPError/Debug):  
[10-17-14 20:05:04][information] Application Import (Kint::Kint.class.php):  
[10-17-14 20:05:04][information] Application Import (Desmond/Controller):  
[10-17-14 20:05:04][information] Application Import (Desmond::Controller::IController.php):  
[10-17-14 20:05:04][information] Application Import (Desmond/Template):  
[10-17-14 20:05:04][information] Application Import (Twig::Autoloader.php):  
[10-17-14 20:05:04][information] Application Import (Desmond/Database/DBAL):  
[10-17-14 20:05:04][information] Application Import (Desmond::Database::DBAL::Drivers::IDatabaseConnection.php):  
[10-17-14 20:05:04][information] Application Import (Desmond::Database::DBAL::Drivers::IDatabaseQuery.php):  
[10-17-14 20:05:04][information] Application Import (Desmond/Database/DBAL/Drivers/MySQL):  
[10-17-14 20:05:04][information] Application Import (Desmond::Database::DBAL::Drivers::IDatabaseQuery.php):  
[10-17-14 20:05:04][information] Application Import (Desmond::Database::DBAL::Exceptions::DatabaseQueryException.php):  
[10-17-14 20:05:04][information] Application Import (Desmond::Database::DBAL::Exceptions::DatabaseNoQueryException.php):  
[10-17-14 20:05:04][information] Application Import (Desmond::Database::DBAL::Drivers::IDatabaseConnection.php):  
[10-17-14 20:05:04][information] Application Import (Desmond::Database::DBAL::Exceptions::DatabaseConnectionException.php):  
[10-17-14 20:05:04][information] Application Import (/home/mark/sites/red/public/libraries/Desmond/Database/DBAL/Drivers):  
[10-17-14 20:05:04][information] Application Import (Desmond::Database::DBAL::Drivers::IDatabaseConnection.php):  
[10-17-14 20:05:04][information] Application Import (Desmond/Database/DBAL/Drivers/MySQL):  
[10-17-14 20:05:04][information] Application Import (Desmond/Database/DBAL/Drivers/SQLite):  
[10-17-14 20:05:04][information] Application Import (Desmond::Database::DBAL::Drivers::IDatabaseQuery.php):  
[10-17-14 20:05:04][information] Application Import (Desmond::Database::DBAL::Exceptions::DatabaseQueryException.php):  
[10-17-14 20:05:04][information] Application Import (Desmond::Database::DBAL::Exceptions::DatabaseNoQueryException.php):  
[10-17-14 20:05:04][information] Application Import (Desmond::Database::DBAL::Drivers::IDatabaseConnection.php):  
[10-17-14 20:05:04][information] Application Import (Desmond::Database::DBAL::Exceptions::DatabaseConnectionException.php):  
[10-17-14 20:05:04][information] Application Import (Desmond/Database/DBAL):  
[10-17-14 20:05:04][information] Application Import (/home/mark/sites/red/public/libraries/Desmond/Database/DBAL/Drivers):  
[10-17-14 20:05:04][information] Application Import (/home/mark/sites/red/public/libraries/Desmond/Database/DBAL/Exceptions):  
[10-17-14 20:05:04][information] Application Import (/home/mark/sites/red/public/libraries/Desmond/Database/DBAL/Query):  
[10-17-14 20:05:04][information] Application Import (Desmond/Database/DBAL/Query):  
[10-17-14 20:05:04][information] Application Import (Desmond::Database::DBAL::Query::IQueryBuilder.php):  
[10-17-14 20:05:04][information] Application Import (Desmond::Database::DBAL::Exceptions::QueryBuilderNoTableException.php):  
[10-17-14 20:05:04][information] Application Import (Desmond::Database::DBAL::Exceptions::QueryBuilderWhereOperatorException.php):  
[10-17-14 20:05:04][information] Application Import (Desmond/Database/DBAL/Drivers/MySQL):  
[10-17-14 20:05:04][information] Application Import (/home/mark/sites/red/public/libraries/Desmond/Database/DBAL/Exceptions):  
[10-17-14 20:05:04][information] Application Import (/home/mark/sites/red/public/libraries/Desmond/Database/DBAL/Query):  
[10-17-14 20:05:04][information] Application Import (Desmond::Database::DBAL::Database.php):  
[10-17-14 20:05:04][information] Application Import (Desmond/Database/DBAL/Query):  
[10-17-14 20:05:04][information] Application Import (Desmond/Database/DBAL/Drivers/MySQL):  
[10-17-14 20:05:04][information] Application Import (Desmond/Database/ORM):  
[10-17-14 20:05:04][information] Application Import (Desmond::Database::ORM::IModel.php):  
[10-17-14 20:05:04][information] Application Import (Valitron::Validator::Validator.php):  
[10-17-14 20:05:04][information] Application Import (Desmond::Auth::Password::IPassword.php):  
[10-17-14 20:05:04][information] Application Import (Desmond::Auth::Password::Password.php):  
[10-17-14 20:05:04][information] Application Import (Desmond::Auth::Auth::IAuth.php):  
[10-17-14 20:05:04][information] Application Import (Desmond::Auth::Auth::Auth.php):  
[10-17-14 20:05:04][information] Application Import (Swift::Mail::swift_required.php):  
[10-17-14 20:05:04][information] Application Import (Desmond::Mail::Mail.php):  
[10-17-14 20:05:04][information] Application Import (Models):  
[10-17-14 20:05:04][information] Application Import (Desmond::Element::Element.php):  
[10-17-14 20:05:04][information] Application Import (Desmond/HTTP/Router):  
[10-17-14 20:05:04][information] Application Import (Desmond::HTTP::Router::IRouterQuery.php):  
[10-17-14 20:05:04][information] Application Import (Desmond::HTTP::Router::Query.php):  
[10-17-14 20:05:04][information] Application Import (Desmond/HTTP/Request):  
[10-17-14 20:05:04][information] Application Import (Desmond::HTTP::Request::IRequest.php):  
[10-17-14 20:05:04][information] Application Import (Desmond/HTTP/Response):  
[10-17-14 20:05:04][information] Application Import (Desmond::HTTP::Response::IResponse.php):  
[10-17-14 20:05:04][information] Application Import (Desmond/Session/Memory):  
[10-17-14 20:05:04][information] Application Import (Desmond::Session::ISession.php):  
[10-17-14 20:05:04][information] Application Import (Desmond/Caching/Memory):  
[10-17-14 20:05:04][information] Application Import (Desmond::Caching::Memory::IMemoryCache.php):  
[10-17-14 20:05:04][information] Application Import (Desmond/Language/Loader):  
[10-17-14 20:05:04][information] Application Import (Desmond::Language::Loader::ILanguage.php):  
[10-17-14 20:05:04][information] Application Import (Desmond::Auth::Password::IPassword.php):  
[10-17-14 20:05:04][information] Application Import (Phpass::Hasher::hasher.php):  
[10-17-14 20:05:04][information] Application Import (Desmond::Auth::Password::Drivers::Blowfish.php):  
[10-17-14 20:05:04][information] Application Import (Desmond::Auth::Auth::IAuth.php):  
[10-17-14 20:05:04][information] Application Import (Desmond::Auth::Auth::Drivers::Model.php):  
[10-17-14 20:05:04][information] Application Import (Desmond/Exceptions):  
[10-17-14 20:05:04][information] Application Import (PHPError/Debug):  
[10-17-14 20:05:04][information] Application Import (Kint::Kint.class.php):  
[10-17-14 20:05:04][information] Application Import (Desmond/Controller):  
[10-17-14 20:05:04][information] Application Import (Desmond::Controller::IController.php):  
[10-17-14 20:05:04][information] Application Import (Desmond/Template):  
[10-17-14 20:05:04][information] Application Import (Twig::Autoloader.php):  
[10-17-14 20:05:04][information] Application Import (Desmond/Database/DBAL):  
[10-17-14 20:05:04][information] Application Import (Desmond::Database::DBAL::Drivers::IDatabaseConnection.php):  
[10-17-14 20:05:04][information] Application Import (Desmond::Database::DBAL::Drivers::IDatabaseQuery.php):  
[10-17-14 20:05:04][information] Application Import (Desmond/Database/DBAL/Drivers/MySQL):  
[10-17-14 20:05:04][information] Application Import (Desmond::Database::DBAL::Drivers::IDatabaseQuery.php):  
[10-17-14 20:05:04][information] Application Import (Desmond::Database::DBAL::Exceptions::DatabaseQueryException.php):  
[10-17-14 20:05:04][information] Application Import (Desmond::Database::DBAL::Exceptions::DatabaseNoQueryException.php):  
[10-17-14 20:05:04][information] Application Import (Desmond::Database::DBAL::Drivers::IDatabaseConnection.php):  
[10-17-14 20:05:04][information] Application Import (Desmond::Database::DBAL::Exceptions::DatabaseConnectionException.php):  
[10-17-14 20:05:04][information] Application Import (/home/mark/sites/red/public/libraries/Desmond/Database/DBAL/Drivers):  
[10-17-14 20:05:04][information] Application Import (Desmond::Database::DBAL::Drivers::IDatabaseConnection.php):  
[10-17-14 20:05:04][information] Application Import (Desmond/Database/DBAL/Drivers/MySQL):  
[10-17-14 20:05:04][information] Application Import (Desmond/Database/DBAL/Drivers/SQLite):  
[10-17-14 20:05:04][information] Application Import (Desmond::Database::DBAL::Drivers::IDatabaseQuery.php):  
[10-17-14 20:05:04][information] Application Import (Desmond::Database::DBAL::Exceptions::DatabaseQueryException.php):  
[10-17-14 20:05:04][information] Application Import (Desmond::Database::DBAL::Exceptions::DatabaseNoQueryException.php):  
[10-17-14 20:05:04][information] Application Import (Desmond::Database::DBAL::Drivers::IDatabaseConnection.php):  
[10-17-14 20:05:04][information] Application Import (Desmond::Database::DBAL::Exceptions::DatabaseConnectionException.php):  
[10-17-14 20:05:04][information] Application Import (Desmond/Database/DBAL):  
[10-17-14 20:05:04][information] Application Import (/home/mark/sites/red/public/libraries/Desmond/Database/DBAL/Drivers):  
[10-17-14 20:05:04][information] Application Import (/home/mark/sites/red/public/libraries/Desmond/Database/DBAL/Exceptions):  
[10-17-14 20:05:04][information] Application Import (/home/mark/sites/red/public/libraries/Desmond/Database/DBAL/Query):  
[10-17-14 20:05:04][information] Application Import (Desmond/Database/DBAL/Query):  
[10-17-14 20:05:04][information] Application Import (Desmond::Database::DBAL::Query::IQueryBuilder.php):  
[10-17-14 20:05:04][information] Application Import (Desmond::Database::DBAL::Exceptions::QueryBuilderNoTableException.php):  
[10-17-14 20:05:04][information] Application Import (Desmond::Database::DBAL::Exceptions::QueryBuilderWhereOperatorException.php):  
[10-17-14 20:05:04][information] Application Import (Desmond/Database/DBAL/Drivers/MySQL):  
[10-17-14 20:05:04][information] Application Import (/home/mark/sites/red/public/libraries/Desmond/Database/DBAL/Exceptions):  
[10-17-14 20:05:04][information] Application Import (/home/mark/sites/red/public/libraries/Desmond/Database/DBAL/Query):  
[10-17-14 20:05:04][information] Application Import (Desmond::Database::DBAL::Database.php):  
[10-17-14 20:05:04][information] Application Import (Desmond/Database/DBAL/Query):  
[10-17-14 20:05:04][information] Application Import (Desmond/Database/DBAL/Drivers/MySQL):  
[10-17-14 20:05:04][information] Application Import (Desmond/Database/ORM):  
[10-17-14 20:05:04][information] Application Import (Desmond::Database::ORM::IModel.php):  
[10-17-14 20:05:04][information] Application Import (Valitron::Validator::Validator.php):  
[10-17-14 20:05:04][information] Application Import (Desmond::Auth::Password::IPassword.php):  
[10-17-14 20:05:04][information] Application Import (Desmond::Auth::Password::Password.php):  
[10-17-14 20:05:04][information] Application Import (Desmond::Auth::Auth::IAuth.php):  
[10-17-14 20:05:04][information] Application Import (Desmond::Auth::Auth::Auth.php):  
[10-17-14 20:05:04][information] Application Import (Swift::Mail::swift_required.php):  
[10-17-14 20:05:04][information] Application Import (Desmond::Mail::Mail.php):  
[10-17-14 20:05:04][information] Application Import (Models):  
[10-17-14 20:05:04][information] Application Import (Desmond::Element::Element.php):  
[10-17-14 20:05:04][information] Application Import (Desmond/HTTP/Router):  
[10-17-14 20:05:04][information] Application Import (Desmond::HTTP::Router::IRouterQuery.php):  
[10-17-14 20:05:04][information] Application Import (Desmond::HTTP::Router::Query.php):  
[10-17-14 20:05:04][information] Application Import (Desmond/HTTP/Request):  
[10-17-14 20:05:04][information] Application Import (Desmond::HTTP::Request::IRequest.php):  
[10-17-14 20:05:04][information] Application Import (Desmond/HTTP/Response):  
[10-17-14 20:05:04][information] Application Import (Desmond::HTTP::Response::IResponse.php):  
[10-17-14 20:05:04][information] Application Import (Desmond/Session/Memory):  
[10-17-14 20:05:04][information] Application Import (Desmond::Session::ISession.php):  
[10-17-14 20:05:04][information] Application Import (Desmond/Caching/Memory):  
[10-17-14 20:05:04][information] Application Import (Desmond::Caching::Memory::IMemoryCache.php):  
[10-17-14 20:05:04][information] Application Import (Desmond/Language/Loader):  
[10-17-14 20:05:04][information] Application Import (Desmond::Language::Loader::ILanguage.php):  
[10-17-14 20:05:04][information] Application Import (Desmond::Auth::Password::IPassword.php):  
[10-17-14 20:05:04][information] Application Import (Phpass::Hasher::hasher.php):  
[10-17-14 20:05:04][information] Application Import (Desmond::Auth::Password::Drivers::Blowfish.php):  
[10-17-14 20:05:04][information] Application Import (Desmond::Auth::Auth::IAuth.php):  
[10-17-14 20:05:04][information] Application Import (Desmond::Auth::Auth::Drivers::Model.php):  
[10-17-14 20:05:04][information] Application Import (Desmond/Exceptions):  
[10-17-14 20:05:04][information] Application Import (PHPError/Debug):  
[10-17-14 20:05:04][information] Application Import (Kint::Kint.class.php):  
[10-17-14 20:05:04][information] Application Import (Desmond/Controller):  
[10-17-14 20:05:04][information] Application Import (Desmond::Controller::IController.php):  
[10-17-14 20:05:04][information] Application Import (Desmond/Template):  
[10-17-14 20:05:04][information] Application Import (Twig::Autoloader.php):  
[10-17-14 20:05:04][information] Application Import (Desmond/Database/DBAL):  
[10-17-14 20:05:04][information] Application Import (Desmond::Database::DBAL::Drivers::IDatabaseConnection.php):  
[10-17-14 20:05:04][information] Application Import (Desmond::Database::DBAL::Drivers::IDatabaseQuery.php):  
[10-17-14 20:05:04][information] Application Import (Desmond/Database/DBAL/Drivers/MySQL):  
[10-17-14 20:05:04][information] Application Import (Desmond::Database::DBAL::Drivers::IDatabaseQuery.php):  
[10-17-14 20:05:04][information] Application Import (Desmond::Database::DBAL::Exceptions::DatabaseQueryException.php):  
[10-17-14 20:05:04][information] Application Import (Desmond::Database::DBAL::Exceptions::DatabaseNoQueryException.php):  
[10-17-14 20:05:04][information] Application Import (Desmond::Database::DBAL::Drivers::IDatabaseConnection.php):  
[10-17-14 20:05:04][information] Application Import (Desmond::Database::DBAL::Exceptions::DatabaseConnectionException.php):  
[10-17-14 20:05:04][information] Application Import (/home/mark/sites/red/public/libraries/Desmond/Database/DBAL/Drivers):  
[10-17-14 20:05:04][information] Application Import (Desmond::Database::DBAL::Drivers::IDatabaseConnection.php):  
[10-17-14 20:05:04][information] Application Import (Desmond/Database/DBAL/Drivers/MySQL):  
[10-17-14 20:05:04][information] Application Import (Desmond/Database/DBAL/Drivers/SQLite):  
[10-17-14 20:05:04][information] Application Import (Desmond::Database::DBAL::Drivers::IDatabaseQuery.php):  
[10-17-14 20:05:04][information] Application Import (Desmond::Database::DBAL::Exceptions::DatabaseQueryException.php):  
[10-17-14 20:05:04][information] Application Import (Desmond::Database::DBAL::Exceptions::DatabaseNoQueryException.php):  
[10-17-14 20:05:04][information] Application Import (Desmond::Database::DBAL::Drivers::IDatabaseConnection.php):  
[10-17-14 20:05:04][information] Application Import (Desmond::Database::DBAL::Exceptions::DatabaseConnectionException.php):  
[10-17-14 20:05:04][information] Application Import (Desmond/Database/DBAL):  
[10-17-14 20:05:04][information] Application Import (/home/mark/sites/red/public/libraries/Desmond/Database/DBAL/Drivers):  
[10-17-14 20:05:04][information] Application Import (/home/mark/sites/red/public/libraries/Desmond/Database/DBAL/Exceptions):  
[10-17-14 20:05:04][information] Application Import (/home/mark/sites/red/public/libraries/Desmond/Database/DBAL/Query):  
[10-17-14 20:05:04][information] Application Import (Desmond/Database/DBAL/Query):  
[10-17-14 20:05:04][information] Application Import (Desmond::Database::DBAL::Query::IQueryBuilder.php):  
[10-17-14 20:05:04][information] Application Import (Desmond::Database::DBAL::Exceptions::QueryBuilderNoTableException.php):  
[10-17-14 20:05:04][information] Application Import (Desmond::Database::DBAL::Exceptions::QueryBuilderWhereOperatorException.php):  
[10-17-14 20:05:04][information] Application Import (Desmond/Database/DBAL/Drivers/MySQL):  
[10-17-14 20:05:04][information] Application Import (/home/mark/sites/red/public/libraries/Desmond/Database/DBAL/Exceptions):  
[10-17-14 20:05:04][information] Application Import (/home/mark/sites/red/public/libraries/Desmond/Database/DBAL/Query):  
[10-17-14 20:05:04][information] Application Import (Desmond::Database::DBAL::Database.php):  
[10-17-14 20:05:04][information] Application Import (Desmond/Database/DBAL/Query):  
[10-17-14 20:05:04][information] Application Import (Desmond/Database/DBAL/Drivers/MySQL):  
[10-17-14 20:05:04][information] Application Import (Desmond/Database/ORM):  
[10-17-14 20:05:04][information] Application Import (Desmond::Database::ORM::IModel.php):  
[10-17-14 20:05:04][information] Application Import (Valitron::Validator::Validator.php):  
[10-17-14 20:05:04][information] Application Import (Desmond::Auth::Password::IPassword.php):  
[10-17-14 20:05:04][information] Application Import (Desmond::Auth::Password::Password.php):  
[10-17-14 20:05:04][information] Application Import (Desmond::Auth::Auth::IAuth.php):  
[10-17-14 20:05:04][information] Application Import (Desmond::Auth::Auth::Auth.php):  
[10-17-14 20:05:04][information] Application Import (Swift::Mail::swift_required.php):  
[10-17-14 20:05:04][information] Application Import (Desmond::Mail::Mail.php):  
[10-17-14 20:05:04][information] Application Import (Models):  
[10-17-14 20:05:04][information] Application Import (Desmond::Element::Element.php):  
[10-17-14 20:05:04][information] Application Import (Desmond/HTTP/Router):  
[10-17-14 20:05:04][information] Application Import (Desmond::HTTP::Router::IRouterQuery.php):  
[10-17-14 20:05:04][information] Application Import (Desmond::HTTP::Router::Query.php):  
[10-17-14 20:05:04][information] Application Import (Desmond/HTTP/Request):  
[10-17-14 20:05:04][information] Application Import (Desmond::HTTP::Request::IRequest.php):  
[10-17-14 20:05:04][information] Application Import (Desmond/HTTP/Response):  
[10-17-14 20:05:04][information] Application Import (Desmond::HTTP::Response::IResponse.php):  
[10-17-14 20:05:04][information] Application Import (Desmond/Session/Memory):  
[10-17-14 20:05:04][information] Application Import (Desmond::Session::ISession.php):  
[10-17-14 20:05:04][information] Application Import (Desmond/Caching/Memory):  
[10-17-14 20:05:04][information] Application Import (Desmond::Caching::Memory::IMemoryCache.php):  
[10-17-14 20:05:04][information] Application Import (Desmond/Language/Loader):  
[10-17-14 20:05:04][information] Application Import (Desmond::Language::Loader::ILanguage.php):  
[10-17-14 20:05:04][information] Application Import (Desmond::Auth::Password::IPassword.php):  
[10-17-14 20:05:04][information] Application Import (Phpass::Hasher::hasher.php):  
[10-17-14 20:05:04][information] Application Import (Desmond::Auth::Password::Drivers::Blowfish.php):  
[10-17-14 20:05:04][information] Application Import (Desmond::Auth::Auth::IAuth.php):  
[10-17-14 20:05:04][information] Application Import (Desmond::Auth::Auth::Drivers::Model.php):  
[10-17-14 20:07:57][information] Application Import (Desmond/Exceptions):  
[10-17-14 20:07:57][information] Application Import (PHPError/Debug):  
[10-17-14 20:07:57][information] Application Import (Kint::Kint.class.php):  
[10-17-14 20:07:57][information] Application Import (Desmond/Controller):  
[10-17-14 20:07:57][information] Application Import (Desmond::Controller::IController.php):  
[10-17-14 20:07:57][information] Application Import (Desmond/Template):  
[10-17-14 20:07:57][information] Application Import (Twig::Autoloader.php):  
[10-17-14 20:07:57][information] Application Import (Desmond/Database/DBAL):  
[10-17-14 20:07:57][information] Application Import (Desmond::Database::DBAL::Drivers::IDatabaseConnection.php):  
[10-17-14 20:07:57][information] Application Import (Desmond::Database::DBAL::Drivers::IDatabaseQuery.php):  
[10-17-14 20:07:57][information] Application Import (Desmond/Database/DBAL/Drivers/MySQL):  
[10-17-14 20:07:57][information] Application Import (Desmond::Database::DBAL::Drivers::IDatabaseQuery.php):  
[10-17-14 20:07:57][information] Application Import (Desmond::Database::DBAL::Exceptions::DatabaseQueryException.php):  
[10-17-14 20:07:57][information] Application Import (Desmond::Database::DBAL::Exceptions::DatabaseNoQueryException.php):  
[10-17-14 20:07:57][information] Application Import (Desmond::Database::DBAL::Drivers::IDatabaseConnection.php):  
[10-17-14 20:07:57][information] Application Import (Desmond::Database::DBAL::Exceptions::DatabaseConnectionException.php):  
[10-17-14 20:07:57][information] Application Import (/home/mark/sites/red/public/libraries/Desmond/Database/DBAL/Drivers):  
[10-17-14 20:07:57][information] Application Import (Desmond::Database::DBAL::Drivers::IDatabaseConnection.php):  
[10-17-14 20:07:57][information] Application Import (Desmond/Database/DBAL/Drivers/MySQL):  
[10-17-14 20:07:57][information] Application Import (Desmond/Database/DBAL/Drivers/SQLite):  
[10-17-14 20:07:57][information] Application Import (Desmond::Database::DBAL::Drivers::IDatabaseQuery.php):  
[10-17-14 20:07:57][information] Application Import (Desmond::Database::DBAL::Exceptions::DatabaseQueryException.php):  
[10-17-14 20:07:57][information] Application Import (Desmond::Database::DBAL::Exceptions::DatabaseNoQueryException.php):  
[10-17-14 20:07:57][information] Application Import (Desmond::Database::DBAL::Drivers::IDatabaseConnection.php):  
[10-17-14 20:07:57][information] Application Import (Desmond::Database::DBAL::Exceptions::DatabaseConnectionException.php):  
[10-17-14 20:07:57][information] Application Import (Desmond/Database/DBAL):  
[10-17-14 20:07:57][information] Application Import (/home/mark/sites/red/public/libraries/Desmond/Database/DBAL/Drivers):  
[10-17-14 20:07:57][information] Application Import (/home/mark/sites/red/public/libraries/Desmond/Database/DBAL/Exceptions):  
[10-17-14 20:07:57][information] Application Import (/home/mark/sites/red/public/libraries/Desmond/Database/DBAL/Query):  
[10-17-14 20:07:57][information] Application Import (Desmond/Database/DBAL/Query):  
[10-17-14 20:07:57][information] Application Import (Desmond::Database::DBAL::Query::IQueryBuilder.php):  
[10-17-14 20:07:57][information] Application Import (Desmond::Database::DBAL::Exceptions::QueryBuilderNoTableException.php):  
[10-17-14 20:07:57][information] Application Import (Desmond::Database::DBAL::Exceptions::QueryBuilderWhereOperatorException.php):  
[10-17-14 20:07:57][information] Application Import (Desmond/Database/DBAL/Drivers/MySQL):  
[10-17-14 20:07:57][information] Application Import (/home/mark/sites/red/public/libraries/Desmond/Database/DBAL/Exceptions):  
[10-17-14 20:07:57][information] Application Import (/home/mark/sites/red/public/libraries/Desmond/Database/DBAL/Query):  
[10-17-14 20:07:57][information] Application Import (Desmond::Database::DBAL::Database.php):  
[10-17-14 20:07:57][information] Application Import (Desmond/Database/DBAL/Query):  
[10-17-14 20:07:57][information] Application Import (Desmond/Database/DBAL/Drivers/MySQL):  
[10-17-14 20:07:57][information] Application Import (Desmond/Database/ORM):  
[10-17-14 20:07:57][information] Application Import (Desmond::Database::ORM::IModel.php):  
[10-17-14 20:07:57][information] Application Import (Valitron::Validator::Validator.php):  
[10-17-14 20:07:57][information] Application Import (Desmond::Auth::Password::IPassword.php):  
[10-17-14 20:07:57][information] Application Import (Desmond::Auth::Password::Password.php):  
[10-17-14 20:07:57][information] Application Import (Desmond::Auth::Auth::IAuth.php):  
[10-17-14 20:07:57][information] Application Import (Desmond::Auth::Auth::Auth.php):  
[10-17-14 20:07:57][information] Application Import (Swift::Mail::swift_required.php):  
[10-17-14 20:07:57][information] Application Import (Desmond::Mail::Mail.php):  
[10-17-14 20:07:57][information] Application Import (Models):  
[10-17-14 20:07:57][information] Application Import (Desmond::Element::Element.php):  
[10-17-14 20:07:57][information] Application Import (Desmond/HTTP/Router):  
[10-17-14 20:07:57][information] Application Import (Desmond::HTTP::Router::IRouterQuery.php):  
[10-17-14 20:07:57][information] Application Import (Desmond::HTTP::Router::Query.php):  
[10-17-14 20:07:57][information] Application Import (Desmond/HTTP/Request):  
[10-17-14 20:07:57][information] Application Import (Desmond::HTTP::Request::IRequest.php):  
[10-17-14 20:07:57][information] Application Import (Desmond/HTTP/Response):  
[10-17-14 20:07:57][information] Application Import (Desmond::HTTP::Response::IResponse.php):  
[10-17-14 20:07:57][information] Application Import (Desmond/Session/Memory):  
[10-17-14 20:07:57][information] Application Import (Desmond::Session::ISession.php):  
[10-17-14 20:07:57][information] Application Import (Desmond/Caching/Memory):  
[10-17-14 20:07:57][information] Application Import (Desmond::Caching::Memory::IMemoryCache.php):  
[10-17-14 20:07:57][information] Application Import (Desmond/Language/Loader):  
[10-17-14 20:07:57][information] Application Import (Desmond::Language::Loader::ILanguage.php):  
[10-17-14 20:07:57][information] Application Import (Desmond::Auth::Password::IPassword.php):  
[10-17-14 20:07:57][information] Application Import (Phpass::Hasher::hasher.php):  
[10-17-14 20:07:57][information] Application Import (Desmond::Auth::Password::Drivers::Blowfish.php):  
[10-17-14 20:07:57][information] Application Import (Desmond::Auth::Auth::IAuth.php):  
[10-17-14 20:07:57][information] Application Import (Desmond::Auth::Auth::Drivers::Model.php):  
[10-17-14 20:07:58][information] Application Import (Desmond/Exceptions):  
[10-17-14 20:07:58][information] Application Import (PHPError/Debug):  
[10-17-14 20:07:58][information] Application Import (Kint::Kint.class.php):  
[10-17-14 20:07:58][information] Application Import (Desmond/Controller):  
[10-17-14 20:07:58][information] Application Import (Desmond::Controller::IController.php):  
[10-17-14 20:07:58][information] Application Import (Desmond/Template):  
[10-17-14 20:07:58][information] Application Import (Twig::Autoloader.php):  
[10-17-14 20:07:58][information] Application Import (Desmond/Database/DBAL):  
[10-17-14 20:07:58][information] Application Import (Desmond::Database::DBAL::Drivers::IDatabaseConnection.php):  
[10-17-14 20:07:58][information] Application Import (Desmond::Database::DBAL::Drivers::IDatabaseQuery.php):  
[10-17-14 20:07:58][information] Application Import (Desmond/Database/DBAL/Drivers/MySQL):  
[10-17-14 20:07:58][information] Application Import (Desmond::Database::DBAL::Drivers::IDatabaseQuery.php):  
[10-17-14 20:07:58][information] Application Import (Desmond::Database::DBAL::Exceptions::DatabaseQueryException.php):  
[10-17-14 20:07:58][information] Application Import (Desmond::Database::DBAL::Exceptions::DatabaseNoQueryException.php):  
[10-17-14 20:07:58][information] Application Import (Desmond::Database::DBAL::Drivers::IDatabaseConnection.php):  
[10-17-14 20:07:58][information] Application Import (Desmond::Database::DBAL::Exceptions::DatabaseConnectionException.php):  
[10-17-14 20:07:58][information] Application Import (/home/mark/sites/red/public/libraries/Desmond/Database/DBAL/Drivers):  
[10-17-14 20:07:58][information] Application Import (Desmond::Database::DBAL::Drivers::IDatabaseConnection.php):  
[10-17-14 20:07:58][information] Application Import (Desmond/Database/DBAL/Drivers/MySQL):  
[10-17-14 20:07:58][information] Application Import (Desmond/Database/DBAL/Drivers/SQLite):  
[10-17-14 20:07:58][information] Application Import (Desmond::Database::DBAL::Drivers::IDatabaseQuery.php):  
[10-17-14 20:07:58][information] Application Import (Desmond::Database::DBAL::Exceptions::DatabaseQueryException.php):  
[10-17-14 20:07:58][information] Application Import (Desmond::Database::DBAL::Exceptions::DatabaseNoQueryException.php):  
[10-17-14 20:07:58][information] Application Import (Desmond::Database::DBAL::Drivers::IDatabaseConnection.php):  
[10-17-14 20:07:58][information] Application Import (Desmond::Database::DBAL::Exceptions::DatabaseConnectionException.php):  
[10-17-14 20:07:58][information] Application Import (Desmond/Database/DBAL):  
[10-17-14 20:07:58][information] Application Import (/home/mark/sites/red/public/libraries/Desmond/Database/DBAL/Drivers):  
[10-17-14 20:07:58][information] Application Import (/home/mark/sites/red/public/libraries/Desmond/Database/DBAL/Exceptions):  
[10-17-14 20:07:58][information] Application Import (/home/mark/sites/red/public/libraries/Desmond/Database/DBAL/Query):  
[10-17-14 20:07:58][information] Application Import (Desmond/Database/DBAL/Query):  
[10-17-14 20:07:58][information] Application Import (Desmond::Database::DBAL::Query::IQueryBuilder.php):  
[10-17-14 20:07:58][information] Application Import (Desmond::Database::DBAL::Exceptions::QueryBuilderNoTableException.php):  
[10-17-14 20:07:58][information] Application Import (Desmond::Database::DBAL::Exceptions::QueryBuilderWhereOperatorException.php):  
[10-17-14 20:07:58][information] Application Import (Desmond/Database/DBAL/Drivers/MySQL):  
[10-17-14 20:07:58][information] Application Import (/home/mark/sites/red/public/libraries/Desmond/Database/DBAL/Exceptions):  
[10-17-14 20:07:58][information] Application Import (/home/mark/sites/red/public/libraries/Desmond/Database/DBAL/Query):  
[10-17-14 20:07:58][information] Application Import (Desmond::Database::DBAL::Database.php):  
[10-17-14 20:07:58][information] Application Import (Desmond/Database/DBAL/Query):  
[10-17-14 20:07:58][information] Application Import (Desmond/Database/DBAL/Drivers/MySQL):  
[10-17-14 20:07:58][information] Application Import (Desmond/Database/ORM):  
[10-17-14 20:07:58][information] Application Import (Desmond::Database::ORM::IModel.php):  
[10-17-14 20:07:58][information] Application Import (Valitron::Validator::Validator.php):  
[10-17-14 20:07:58][information] Application Import (Desmond::Auth::Password::IPassword.php):  
[10-17-14 20:07:58][information] Application Import (Desmond::Auth::Password::Password.php):  
[10-17-14 20:07:58][information] Application Import (Desmond::Auth::Auth::IAuth.php):  
[10-17-14 20:07:58][information] Application Import (Desmond::Auth::Auth::Auth.php):  
[10-17-14 20:07:58][information] Application Import (Swift::Mail::swift_required.php):  
[10-17-14 20:07:58][information] Application Import (Desmond::Mail::Mail.php):  
[10-17-14 20:07:58][information] Application Import (Models):  
[10-17-14 20:07:58][information] Application Import (Desmond::Element::Element.php):  
[10-17-14 20:07:58][information] Application Import (Desmond/HTTP/Router):  
[10-17-14 20:07:58][information] Application Import (Desmond::HTTP::Router::IRouterQuery.php):  
[10-17-14 20:07:58][information] Application Import (Desmond::HTTP::Router::Query.php):  
[10-17-14 20:07:58][information] Application Import (Desmond/HTTP/Request):  
[10-17-14 20:07:58][information] Application Import (Desmond::HTTP::Request::IRequest.php):  
[10-17-14 20:07:58][information] Application Import (Desmond/HTTP/Response):  
[10-17-14 20:07:58][information] Application Import (Desmond::HTTP::Response::IResponse.php):  
[10-17-14 20:07:58][information] Application Import (Desmond/Session/Memory):  
[10-17-14 20:07:58][information] Application Import (Desmond::Session::ISession.php):  
[10-17-14 20:07:58][information] Application Import (Desmond/Caching/Memory):  
[10-17-14 20:07:58][information] Application Import (Desmond::Caching::Memory::IMemoryCache.php):  
[10-17-14 20:07:58][information] Application Import (Desmond/Language/Loader):  
[10-17-14 20:07:58][information] Application Import (Desmond::Language::Loader::ILanguage.php):  
[10-17-14 20:07:58][information] Application Import (Desmond::Auth::Password::IPassword.php):  
[10-17-14 20:07:58][information] Application Import (Phpass::Hasher::hasher.php):  
[10-17-14 20:07:58][information] Application Import (Desmond::Auth::Password::Drivers::Blowfish.php):  
[10-17-14 20:07:58][information] Application Import (Desmond::Auth::Auth::IAuth.php):  
[10-17-14 20:07:58][information] Application Import (Desmond::Auth::Auth::Drivers::Model.php):  
[10-17-14 20:08:06][information] Application Import (Desmond/Exceptions):  
[10-17-14 20:08:06][information] Application Import (PHPError/Debug):  
[10-17-14 20:08:06][information] Application Import (Kint::Kint.class.php):  
[10-17-14 20:08:06][information] Application Import (Desmond/Controller):  
[10-17-14 20:08:06][information] Application Import (Desmond::Controller::IController.php):  
[10-17-14 20:08:06][information] Application Import (Desmond/Template):  
[10-17-14 20:08:06][information] Application Import (Twig::Autoloader.php):  
[10-17-14 20:08:06][information] Application Import (Desmond/Database/DBAL):  
[10-17-14 20:08:06][information] Application Import (Desmond::Database::DBAL::Drivers::IDatabaseConnection.php):  
[10-17-14 20:08:06][information] Application Import (Desmond::Database::DBAL::Drivers::IDatabaseQuery.php):  
[10-17-14 20:08:06][information] Application Import (Desmond/Database/DBAL/Drivers/MySQL):  
[10-17-14 20:08:06][information] Application Import (Desmond::Database::DBAL::Drivers::IDatabaseQuery.php):  
[10-17-14 20:08:06][information] Application Import (Desmond::Database::DBAL::Exceptions::DatabaseQueryException.php):  
[10-17-14 20:08:06][information] Application Import (Desmond::Database::DBAL::Exceptions::DatabaseNoQueryException.php):  
[10-17-14 20:08:06][information] Application Import (Desmond::Database::DBAL::Drivers::IDatabaseConnection.php):  
[10-17-14 20:08:06][information] Application Import (Desmond::Database::DBAL::Exceptions::DatabaseConnectionException.php):  
[10-17-14 20:08:06][information] Application Import (/home/mark/sites/red/public/libraries/Desmond/Database/DBAL/Drivers):  
[10-17-14 20:08:06][information] Application Import (Desmond::Database::DBAL::Drivers::IDatabaseConnection.php):  
[10-17-14 20:08:06][information] Application Import (Desmond/Database/DBAL/Drivers/MySQL):  
[10-17-14 20:08:06][information] Application Import (Desmond/Database/DBAL/Drivers/SQLite):  
[10-17-14 20:08:06][information] Application Import (Desmond::Database::DBAL::Drivers::IDatabaseQuery.php):  
[10-17-14 20:08:06][information] Application Import (Desmond::Database::DBAL::Exceptions::DatabaseQueryException.php):  
[10-17-14 20:08:06][information] Application Import (Desmond::Database::DBAL::Exceptions::DatabaseNoQueryException.php):  
[10-17-14 20:08:06][information] Application Import (Desmond::Database::DBAL::Drivers::IDatabaseConnection.php):  
[10-17-14 20:08:06][information] Application Import (Desmond::Database::DBAL::Exceptions::DatabaseConnectionException.php):  
[10-17-14 20:08:06][information] Application Import (Desmond/Database/DBAL):  
[10-17-14 20:08:06][information] Application Import (/home/mark/sites/red/public/libraries/Desmond/Database/DBAL/Drivers):  
[10-17-14 20:08:06][information] Application Import (/home/mark/sites/red/public/libraries/Desmond/Database/DBAL/Exceptions):  
[10-17-14 20:08:06][information] Application Import (/home/mark/sites/red/public/libraries/Desmond/Database/DBAL/Query):  
[10-17-14 20:08:06][information] Application Import (Desmond/Database/DBAL/Query):  
[10-17-14 20:08:06][information] Application Import (Desmond::Database::DBAL::Query::IQueryBuilder.php):  
[10-17-14 20:08:06][information] Application Import (Desmond::Database::DBAL::Exceptions::QueryBuilderNoTableException.php):  
[10-17-14 20:08:06][information] Application Import (Desmond::Database::DBAL::Exceptions::QueryBuilderWhereOperatorException.php):  
[10-17-14 20:08:06][information] Application Import (Desmond/Database/DBAL/Drivers/MySQL):  
[10-17-14 20:08:06][information] Application Import (/home/mark/sites/red/public/libraries/Desmond/Database/DBAL/Exceptions):  
[10-17-14 20:08:06][information] Application Import (/home/mark/sites/red/public/libraries/Desmond/Database/DBAL/Query):  
[10-17-14 20:08:06][information] Application Import (Desmond::Database::DBAL::Database.php):  
[10-17-14 20:08:06][information] Application Import (Desmond/Database/DBAL/Query):  
[10-17-14 20:08:06][information] Application Import (Desmond/Database/DBAL/Drivers/MySQL):  
[10-17-14 20:08:06][information] Application Import (Desmond/Database/ORM):  
[10-17-14 20:08:06][information] Application Import (Desmond::Database::ORM::IModel.php):  
[10-17-14 20:08:06][information] Application Import (Valitron::Validator::Validator.php):  
[10-17-14 20:08:06][information] Application Import (Desmond::Auth::Password::IPassword.php):  
[10-17-14 20:08:06][information] Application Import (Desmond::Auth::Password::Password.php):  
[10-17-14 20:08:06][information] Application Import (Desmond::Auth::Auth::IAuth.php):  
[10-17-14 20:08:06][information] Application Import (Desmond::Auth::Auth::Auth.php):  
[10-17-14 20:08:06][information] Application Import (Swift::Mail::swift_required.php):  
[10-17-14 20:08:06][information] Application Import (Desmond::Mail::Mail.php):  
[10-17-14 20:08:06][information] Application Import (Models):  
[10-17-14 20:08:06][information] Application Import (Desmond::Element::Element.php):  
[10-17-14 20:08:06][information] Application Import (Desmond/HTTP/Router):  
[10-17-14 20:08:06][information] Application Import (Desmond::HTTP::Router::IRouterQuery.php):  
[10-17-14 20:08:06][information] Application Import (Desmond::HTTP::Router::Query.php):  
[10-17-14 20:08:06][information] Application Import (Desmond/HTTP/Request):  
[10-17-14 20:08:06][information] Application Import (Desmond::HTTP::Request::IRequest.php):  
[10-17-14 20:08:06][information] Application Import (Desmond/HTTP/Response):  
[10-17-14 20:08:06][information] Application Import (Desmond::HTTP::Response::IResponse.php):  
[10-17-14 20:08:06][information] Application Import (Desmond/Session/Memory):  
[10-17-14 20:08:06][information] Application Import (Desmond::Session::ISession.php):  
[10-17-14 20:08:06][information] Application Import (Desmond/Caching/Memory):  
[10-17-14 20:08:06][information] Application Import (Desmond::Caching::Memory::IMemoryCache.php):  
[10-17-14 20:08:06][information] Application Import (Desmond/Language/Loader):  
[10-17-14 20:08:06][information] Application Import (Desmond::Language::Loader::ILanguage.php):  
[10-17-14 20:08:06][information] Application Import (Desmond::Auth::Password::IPassword.php):  
[10-17-14 20:08:06][information] Application Import (Phpass::Hasher::hasher.php):  
[10-17-14 20:08:06][information] Application Import (Desmond::Auth::Password::Drivers::Blowfish.php):  
[10-17-14 20:08:06][information] Application Import (Desmond::Auth::Auth::IAuth.php):  
[10-17-14 20:08:06][information] Application Import (Desmond::Auth::Auth::Drivers::Model.php):  
[10-17-14 20:08:07][information] Application Import (Desmond/Exceptions):  
[10-17-14 20:08:07][information] Application Import (PHPError/Debug):  
[10-17-14 20:08:07][information] Application Import (Kint::Kint.class.php):  
[10-17-14 20:08:07][information] Application Import (Desmond/Controller):  
[10-17-14 20:08:07][information] Application Import (Desmond::Controller::IController.php):  
[10-17-14 20:08:07][information] Application Import (Desmond/Template):  
[10-17-14 20:08:07][information] Application Import (Twig::Autoloader.php):  
[10-17-14 20:08:07][information] Application Import (Desmond/Database/DBAL):  
[10-17-14 20:08:07][information] Application Import (Desmond::Database::DBAL::Drivers::IDatabaseConnection.php):  
[10-17-14 20:08:07][information] Application Import (Desmond::Database::DBAL::Drivers::IDatabaseQuery.php):  
[10-17-14 20:08:07][information] Application Import (Desmond/Database/DBAL/Drivers/MySQL):  
[10-17-14 20:08:07][information] Application Import (Desmond::Database::DBAL::Drivers::IDatabaseQuery.php):  
[10-17-14 20:08:07][information] Application Import (Desmond::Database::DBAL::Exceptions::DatabaseQueryException.php):  
[10-17-14 20:08:07][information] Application Import (Desmond::Database::DBAL::Exceptions::DatabaseNoQueryException.php):  
[10-17-14 20:08:07][information] Application Import (Desmond::Database::DBAL::Drivers::IDatabaseConnection.php):  
[10-17-14 20:08:07][information] Application Import (Desmond::Database::DBAL::Exceptions::DatabaseConnectionException.php):  
[10-17-14 20:08:07][information] Application Import (/home/mark/sites/red/public/libraries/Desmond/Database/DBAL/Drivers):  
[10-17-14 20:08:07][information] Application Import (Desmond::Database::DBAL::Drivers::IDatabaseConnection.php):  
[10-17-14 20:08:07][information] Application Import (Desmond/Database/DBAL/Drivers/MySQL):  
[10-17-14 20:08:07][information] Application Import (Desmond/Database/DBAL/Drivers/SQLite):  
[10-17-14 20:08:07][information] Application Import (Desmond::Database::DBAL::Drivers::IDatabaseQuery.php):  
[10-17-14 20:08:07][information] Application Import (Desmond::Database::DBAL::Exceptions::DatabaseQueryException.php):  
[10-17-14 20:08:07][information] Application Import (Desmond::Database::DBAL::Exceptions::DatabaseNoQueryException.php):  
[10-17-14 20:08:07][information] Application Import (Desmond::Database::DBAL::Drivers::IDatabaseConnection.php):  
[10-17-14 20:08:07][information] Application Import (Desmond::Database::DBAL::Exceptions::DatabaseConnectionException.php):  
[10-17-14 20:08:07][information] Application Import (Desmond/Database/DBAL):  
[10-17-14 20:08:07][information] Application Import (/home/mark/sites/red/public/libraries/Desmond/Database/DBAL/Drivers):  
[10-17-14 20:08:07][information] Application Import (/home/mark/sites/red/public/libraries/Desmond/Database/DBAL/Exceptions):  
[10-17-14 20:08:07][information] Application Import (/home/mark/sites/red/public/libraries/Desmond/Database/DBAL/Query):  
[10-17-14 20:08:07][information] Application Import (Desmond/Database/DBAL/Query):  
[10-17-14 20:08:07][information] Application Import (Desmond::Database::DBAL::Query::IQueryBuilder.php):  
[10-17-14 20:08:07][information] Application Import (Desmond::Database::DBAL::Exceptions::QueryBuilderNoTableException.php):  
[10-17-14 20:08:07][information] Application Import (Desmond::Database::DBAL::Exceptions::QueryBuilderWhereOperatorException.php):  
[10-17-14 20:08:07][information] Application Import (Desmond/Database/DBAL/Drivers/MySQL):  
[10-17-14 20:08:07][information] Application Import (/home/mark/sites/red/public/libraries/Desmond/Database/DBAL/Exceptions):  
[10-17-14 20:08:07][information] Application Import (/home/mark/sites/red/public/libraries/Desmond/Database/DBAL/Query):  
[10-17-14 20:08:07][information] Application Import (Desmond::Database::DBAL::Database.php):  
[10-17-14 20:08:07][information] Application Import (Desmond/Database/DBAL/Query):  
[10-17-14 20:08:07][information] Application Import (Desmond/Database/DBAL/Drivers/MySQL):  
[10-17-14 20:08:07][information] Application Import (Desmond/Database/ORM):  
[10-17-14 20:08:07][information] Application Import (Desmond::Database::ORM::IModel.php):  
[10-17-14 20:08:07][information] Application Import (Valitron::Validator::Validator.php):  
[10-17-14 20:08:07][information] Application Import (Desmond::Auth::Password::IPassword.php):  
[10-17-14 20:08:07][information] Application Import (Desmond::Auth::Password::Password.php):  
[10-17-14 20:08:07][information] Application Import (Desmond::Auth::Auth::IAuth.php):  
[10-17-14 20:08:07][information] Application Import (Desmond::Auth::Auth::Auth.php):  
[10-17-14 20:08:07][information] Application Import (Swift::Mail::swift_required.php):  
[10-17-14 20:08:07][information] Application Import (Desmond::Mail::Mail.php):  
[10-17-14 20:08:07][information] Application Import (Models):  
[10-17-14 20:08:07][information] Application Import (Desmond::Element::Element.php):  
[10-17-14 20:08:07][information] Application Import (Desmond/HTTP/Router):  
[10-17-14 20:08:07][information] Application Import (Desmond::HTTP::Router::IRouterQuery.php):  
[10-17-14 20:08:07][information] Application Import (Desmond::HTTP::Router::Query.php):  
[10-17-14 20:08:07][information] Application Import (Desmond/HTTP/Request):  
[10-17-14 20:08:07][information] Application Import (Desmond::HTTP::Request::IRequest.php):  
[10-17-14 20:08:07][information] Application Import (Desmond/HTTP/Response):  
[10-17-14 20:08:07][information] Application Import (Desmond::HTTP::Response::IResponse.php):  
[10-17-14 20:08:07][information] Application Import (Desmond/Session/Memory):  
[10-17-14 20:08:07][information] Application Import (Desmond::Session::ISession.php):  
[10-17-14 20:08:07][information] Application Import (Desmond/Caching/Memory):  
[10-17-14 20:08:07][information] Application Import (Desmond::Caching::Memory::IMemoryCache.php):  
[10-17-14 20:08:07][information] Application Import (Desmond/Language/Loader):  
[10-17-14 20:08:07][information] Application Import (Desmond::Language::Loader::ILanguage.php):  
[10-17-14 20:08:07][information] Application Import (Desmond::Auth::Password::IPassword.php):  
[10-17-14 20:08:07][information] Application Import (Phpass::Hasher::hasher.php):  
[10-17-14 20:08:07][information] Application Import (Desmond::Auth::Password::Drivers::Blowfish.php):  
[10-17-14 20:08:07][information] Application Import (Desmond::Auth::Auth::IAuth.php):  
[10-17-14 20:08:07][information] Application Import (Desmond::Auth::Auth::Drivers::Model.php):  
[10-17-14 20:08:10][information] Application Import (Desmond/Exceptions):  
[10-17-14 20:08:10][information] Application Import (PHPError/Debug):  
[10-17-14 20:08:10][information] Application Import (Kint::Kint.class.php):  
[10-17-14 20:08:10][information] Application Import (Desmond/Controller):  
[10-17-14 20:08:10][information] Application Import (Desmond::Controller::IController.php):  
[10-17-14 20:08:10][information] Application Import (Desmond/Template):  
[10-17-14 20:08:10][information] Application Import (Twig::Autoloader.php):  
[10-17-14 20:08:10][information] Application Import (Desmond/Database/DBAL):  
[10-17-14 20:08:10][information] Application Import (Desmond::Database::DBAL::Drivers::IDatabaseConnection.php):  
[10-17-14 20:08:10][information] Application Import (Desmond::Database::DBAL::Drivers::IDatabaseQuery.php):  
[10-17-14 20:08:10][information] Application Import (Desmond/Database/DBAL/Drivers/MySQL):  
[10-17-14 20:08:10][information] Application Import (Desmond::Database::DBAL::Drivers::IDatabaseQuery.php):  
[10-17-14 20:08:10][information] Application Import (Desmond::Database::DBAL::Exceptions::DatabaseQueryException.php):  
[10-17-14 20:08:10][information] Application Import (Desmond::Database::DBAL::Exceptions::DatabaseNoQueryException.php):  
[10-17-14 20:08:10][information] Application Import (Desmond::Database::DBAL::Drivers::IDatabaseConnection.php):  
[10-17-14 20:08:10][information] Application Import (Desmond::Database::DBAL::Exceptions::DatabaseConnectionException.php):  
[10-17-14 20:08:10][information] Application Import (/home/mark/sites/red/public/libraries/Desmond/Database/DBAL/Drivers):  
[10-17-14 20:08:10][information] Application Import (Desmond::Database::DBAL::Drivers::IDatabaseConnection.php):  
[10-17-14 20:08:10][information] Application Import (Desmond/Database/DBAL/Drivers/MySQL):  
[10-17-14 20:08:10][information] Application Import (Desmond/Database/DBAL/Drivers/SQLite):  
[10-17-14 20:08:10][information] Application Import (Desmond::Database::DBAL::Drivers::IDatabaseQuery.php):  
[10-17-14 20:08:10][information] Application Import (Desmond::Database::DBAL::Exceptions::DatabaseQueryException.php):  
[10-17-14 20:08:10][information] Application Import (Desmond::Database::DBAL::Exceptions::DatabaseNoQueryException.php):  
[10-17-14 20:08:10][information] Application Import (Desmond::Database::DBAL::Drivers::IDatabaseConnection.php):  
[10-17-14 20:08:10][information] Application Import (Desmond::Database::DBAL::Exceptions::DatabaseConnectionException.php):  
[10-17-14 20:08:10][information] Application Import (Desmond/Database/DBAL):  
[10-17-14 20:08:10][information] Application Import (/home/mark/sites/red/public/libraries/Desmond/Database/DBAL/Drivers):  
[10-17-14 20:08:10][information] Application Import (/home/mark/sites/red/public/libraries/Desmond/Database/DBAL/Exceptions):  
[10-17-14 20:08:10][information] Application Import (/home/mark/sites/red/public/libraries/Desmond/Database/DBAL/Query):  
[10-17-14 20:08:10][information] Application Import (Desmond/Database/DBAL/Query):  
[10-17-14 20:08:10][information] Application Import (Desmond::Database::DBAL::Query::IQueryBuilder.php):  
[10-17-14 20:08:10][information] Application Import (Desmond::Database::DBAL::Exceptions::QueryBuilderNoTableException.php):  
[10-17-14 20:08:10][information] Application Import (Desmond::Database::DBAL::Exceptions::QueryBuilderWhereOperatorException.php):  
[10-17-14 20:08:10][information] Application Import (Desmond/Database/DBAL/Drivers/MySQL):  
[10-17-14 20:08:10][information] Application Import (/home/mark/sites/red/public/libraries/Desmond/Database/DBAL/Exceptions):  
[10-17-14 20:08:10][information] Application Import (/home/mark/sites/red/public/libraries/Desmond/Database/DBAL/Query):  
[10-17-14 20:08:10][information] Application Import (Desmond::Database::DBAL::Database.php):  
[10-17-14 20:08:10][information] Application Import (Desmond/Database/DBAL/Query):  
[10-17-14 20:08:10][information] Application Import (Desmond/Database/DBAL/Drivers/MySQL):  
[10-17-14 20:08:10][information] Application Import (Desmond/Database/ORM):  
[10-17-14 20:08:10][information] Application Import (Desmond::Database::ORM::IModel.php):  
[10-17-14 20:08:10][information] Application Import (Valitron::Validator::Validator.php):  
[10-17-14 20:08:10][information] Application Import (Desmond::Auth::Password::IPassword.php):  
[10-17-14 20:08:10][information] Application Import (Desmond::Auth::Password::Password.php):  
[10-17-14 20:08:10][information] Application Import (Desmond::Auth::Auth::IAuth.php):  
[10-17-14 20:08:10][information] Application Import (Desmond::Auth::Auth::Auth.php):  
[10-17-14 20:08:10][information] Application Import (Swift::Mail::swift_required.php):  
[10-17-14 20:08:10][information] Application Import (Desmond::Mail::Mail.php):  
[10-17-14 20:08:10][information] Application Import (Models):  
[10-17-14 20:08:10][information] Application Import (Desmond::Element::Element.php):  
[10-17-14 20:08:10][information] Application Import (Desmond/HTTP/Router):  
[10-17-14 20:08:10][information] Application Import (Desmond::HTTP::Router::IRouterQuery.php):  
[10-17-14 20:08:10][information] Application Import (Desmond::HTTP::Router::Query.php):  
[10-17-14 20:08:10][information] Application Import (Desmond/HTTP/Request):  
[10-17-14 20:08:10][information] Application Import (Desmond::HTTP::Request::IRequest.php):  
[10-17-14 20:08:10][information] Application Import (Desmond/HTTP/Response):  
[10-17-14 20:08:10][information] Application Import (Desmond::HTTP::Response::IResponse.php):  
[10-17-14 20:08:10][information] Application Import (Desmond/Session/Memory):  
[10-17-14 20:08:10][information] Application Import (Desmond::Session::ISession.php):  
[10-17-14 20:08:10][information] Application Import (Desmond/Caching/Memory):  
[10-17-14 20:08:10][information] Application Import (Desmond::Caching::Memory::IMemoryCache.php):  
[10-17-14 20:08:10][information] Application Import (Desmond/Language/Loader):  
[10-17-14 20:08:10][information] Application Import (Desmond::Language::Loader::ILanguage.php):  
[10-17-14 20:08:10][information] Application Import (Desmond::Auth::Password::IPassword.php):  
[10-17-14 20:08:10][information] Application Import (Phpass::Hasher::hasher.php):  
[10-17-14 20:08:10][information] Application Import (Desmond::Auth::Password::Drivers::Blowfish.php):  
[10-17-14 20:08:10][information] Application Import (Desmond::Auth::Auth::IAuth.php):  
[10-17-14 20:08:10][information] Application Import (Desmond::Auth::Auth::Drivers::Model.php):  
[10-17-14 20:08:11][information] Application Import (Desmond/Exceptions):  
[10-17-14 20:08:11][information] Application Import (PHPError/Debug):  
[10-17-14 20:08:11][information] Application Import (Kint::Kint.class.php):  
[10-17-14 20:08:11][information] Application Import (Desmond/Controller):  
[10-17-14 20:08:11][information] Application Import (Desmond::Controller::IController.php):  
[10-17-14 20:08:11][information] Application Import (Desmond/Template):  
[10-17-14 20:08:11][information] Application Import (Twig::Autoloader.php):  
[10-17-14 20:08:11][information] Application Import (Desmond/Database/DBAL):  
[10-17-14 20:08:11][information] Application Import (Desmond::Database::DBAL::Drivers::IDatabaseConnection.php):  
[10-17-14 20:08:11][information] Application Import (Desmond::Database::DBAL::Drivers::IDatabaseQuery.php):  
[10-17-14 20:08:11][information] Application Import (Desmond/Database/DBAL/Drivers/MySQL):  
[10-17-14 20:08:11][information] Application Import (Desmond::Database::DBAL::Drivers::IDatabaseQuery.php):  
[10-17-14 20:08:11][information] Application Import (Desmond::Database::DBAL::Exceptions::DatabaseQueryException.php):  
[10-17-14 20:08:11][information] Application Import (Desmond::Database::DBAL::Exceptions::DatabaseNoQueryException.php):  
[10-17-14 20:08:11][information] Application Import (Desmond::Database::DBAL::Drivers::IDatabaseConnection.php):  
[10-17-14 20:08:11][information] Application Import (Desmond::Database::DBAL::Exceptions::DatabaseConnectionException.php):  
[10-17-14 20:08:11][information] Application Import (/home/mark/sites/red/public/libraries/Desmond/Database/DBAL/Drivers):  
[10-17-14 20:08:11][information] Application Import (Desmond::Database::DBAL::Drivers::IDatabaseConnection.php):  
[10-17-14 20:08:11][information] Application Import (Desmond/Database/DBAL/Drivers/MySQL):  
[10-17-14 20:08:11][information] Application Import (Desmond/Database/DBAL/Drivers/SQLite):  
[10-17-14 20:08:11][information] Application Import (Desmond::Database::DBAL::Drivers::IDatabaseQuery.php):  
[10-17-14 20:08:11][information] Application Import (Desmond::Database::DBAL::Exceptions::DatabaseQueryException.php):  
[10-17-14 20:08:11][information] Application Import (Desmond::Database::DBAL::Exceptions::DatabaseNoQueryException.php):  
[10-17-14 20:08:11][information] Application Import (Desmond::Database::DBAL::Drivers::IDatabaseConnection.php):  
[10-17-14 20:08:11][information] Application Import (Desmond::Database::DBAL::Exceptions::DatabaseConnectionException.php):  
[10-17-14 20:08:11][information] Application Import (Desmond/Database/DBAL):  
[10-17-14 20:08:11][information] Application Import (/home/mark/sites/red/public/libraries/Desmond/Database/DBAL/Drivers):  
[10-17-14 20:08:11][information] Application Import (/home/mark/sites/red/public/libraries/Desmond/Database/DBAL/Exceptions):  
[10-17-14 20:08:11][information] Application Import (/home/mark/sites/red/public/libraries/Desmond/Database/DBAL/Query):  
[10-17-14 20:08:11][information] Application Import (Desmond/Database/DBAL/Query):  
[10-17-14 20:08:11][information] Application Import (Desmond::Database::DBAL::Query::IQueryBuilder.php):  
[10-17-14 20:08:11][information] Application Import (Desmond::Database::DBAL::Exceptions::QueryBuilderNoTableException.php):  
[10-17-14 20:08:11][information] Application Import (Desmond::Database::DBAL::Exceptions::QueryBuilderWhereOperatorException.php):  
[10-17-14 20:08:11][information] Application Import (Desmond/Database/DBAL/Drivers/MySQL):  
[10-17-14 20:08:11][information] Application Import (/home/mark/sites/red/public/libraries/Desmond/Database/DBAL/Exceptions):  
[10-17-14 20:08:11][information] Application Import (/home/mark/sites/red/public/libraries/Desmond/Database/DBAL/Query):  
[10-17-14 20:08:11][information] Application Import (Desmond::Database::DBAL::Database.php):  
[10-17-14 20:08:11][information] Application Import (Desmond/Database/DBAL/Query):  
[10-17-14 20:08:11][information] Application Import (Desmond/Database/DBAL/Drivers/MySQL):  
[10-17-14 20:08:11][information] Application Import (Desmond/Database/ORM):  
[10-17-14 20:08:11][information] Application Import (Desmond::Database::ORM::IModel.php):  
[10-17-14 20:08:11][information] Application Import (Valitron::Validator::Validator.php):  
[10-17-14 20:08:11][information] Application Import (Desmond::Auth::Password::IPassword.php):  
[10-17-14 20:08:11][information] Application Import (Desmond::Auth::Password::Password.php):  
[10-17-14 20:08:11][information] Application Import (Desmond::Auth::Auth::IAuth.php):  
[10-17-14 20:08:11][information] Application Import (Desmond::Auth::Auth::Auth.php):  
[10-17-14 20:08:11][information] Application Import (Swift::Mail::swift_required.php):  
[10-17-14 20:08:11][information] Application Import (Desmond::Mail::Mail.php):  
[10-17-14 20:08:11][information] Application Import (Models):  
[10-17-14 20:08:11][information] Application Import (Desmond::Element::Element.php):  
[10-17-14 20:08:11][information] Application Import (Desmond/HTTP/Router):  
[10-17-14 20:08:11][information] Application Import (Desmond::HTTP::Router::IRouterQuery.php):  
[10-17-14 20:08:11][information] Application Import (Desmond::HTTP::Router::Query.php):  
[10-17-14 20:08:11][information] Application Import (Desmond/HTTP/Request):  
[10-17-14 20:08:11][information] Application Import (Desmond::HTTP::Request::IRequest.php):  
[10-17-14 20:08:11][information] Application Import (Desmond/HTTP/Response):  
[10-17-14 20:08:11][information] Application Import (Desmond::HTTP::Response::IResponse.php):  
[10-17-14 20:08:11][information] Application Import (Desmond/Session/Memory):  
[10-17-14 20:08:11][information] Application Import (Desmond::Session::ISession.php):  
[10-17-14 20:08:11][information] Application Import (Desmond/Caching/Memory):  
[10-17-14 20:08:11][information] Application Import (Desmond::Caching::Memory::IMemoryCache.php):  
[10-17-14 20:08:11][information] Application Import (Desmond/Language/Loader):  
[10-17-14 20:08:11][information] Application Import (Desmond::Language::Loader::ILanguage.php):  
[10-17-14 20:08:11][information] Application Import (Desmond::Auth::Password::IPassword.php):  
[10-17-14 20:08:11][information] Application Import (Phpass::Hasher::hasher.php):  
[10-17-14 20:08:11][information] Application Import (Desmond::Auth::Password::Drivers::Blowfish.php):  
[10-17-14 20:08:11][information] Application Import (Desmond::Auth::Auth::IAuth.php):  
[10-17-14 20:08:11][information] Application Import (Desmond::Auth::Auth::Drivers::Model.php):  
[10-17-14 20:09:17][information] Application Import (Desmond/Exceptions):  
[10-17-14 20:09:17][information] Application Import (PHPError/Debug):  
[10-17-14 20:09:17][information] Application Import (Kint::Kint.class.php):  
[10-17-14 20:09:17][information] Application Import (Desmond/Controller):  
[10-17-14 20:09:17][information] Application Import (Desmond::Controller::IController.php):  
[10-17-14 20:09:17][information] Application Import (Desmond/Template):  
[10-17-14 20:09:17][information] Application Import (Twig::Autoloader.php):  
[10-17-14 20:09:17][information] Application Import (Desmond/Database/DBAL):  
[10-17-14 20:09:17][information] Application Import (Desmond::Database::DBAL::Drivers::IDatabaseConnection.php):  
[10-17-14 20:09:17][information] Application Import (Desmond::Database::DBAL::Drivers::IDatabaseQuery.php):  
[10-17-14 20:09:17][information] Application Import (Desmond/Database/DBAL/Drivers/MySQL):  
[10-17-14 20:09:17][information] Application Import (Desmond::Database::DBAL::Drivers::IDatabaseQuery.php):  
[10-17-14 20:09:17][information] Application Import (Desmond::Database::DBAL::Exceptions::DatabaseQueryException.php):  
[10-17-14 20:09:17][information] Application Import (Desmond::Database::DBAL::Exceptions::DatabaseNoQueryException.php):  
[10-17-14 20:09:17][information] Application Import (Desmond::Database::DBAL::Drivers::IDatabaseConnection.php):  
[10-17-14 20:09:17][information] Application Import (Desmond::Database::DBAL::Exceptions::DatabaseConnectionException.php):  
[10-17-14 20:09:17][information] Application Import (/home/mark/sites/red/public/libraries/Desmond/Database/DBAL/Drivers):  
[10-17-14 20:09:17][information] Application Import (Desmond::Database::DBAL::Drivers::IDatabaseConnection.php):  
[10-17-14 20:09:17][information] Application Import (Desmond/Database/DBAL/Drivers/MySQL):  
[10-17-14 20:09:17][information] Application Import (Desmond/Database/DBAL/Drivers/SQLite):  
[10-17-14 20:09:17][information] Application Import (Desmond::Database::DBAL::Drivers::IDatabaseQuery.php):  
[10-17-14 20:09:17][information] Application Import (Desmond::Database::DBAL::Exceptions::DatabaseQueryException.php):  
[10-17-14 20:09:17][information] Application Import (Desmond::Database::DBAL::Exceptions::DatabaseNoQueryException.php):  
[10-17-14 20:09:17][information] Application Import (Desmond::Database::DBAL::Drivers::IDatabaseConnection.php):  
[10-17-14 20:09:17][information] Application Import (Desmond::Database::DBAL::Exceptions::DatabaseConnectionException.php):  
[10-17-14 20:09:17][information] Application Import (Desmond/Database/DBAL):  
[10-17-14 20:09:17][information] Application Import (/home/mark/sites/red/public/libraries/Desmond/Database/DBAL/Drivers):  
[10-17-14 20:09:17][information] Application Import (/home/mark/sites/red/public/libraries/Desmond/Database/DBAL/Exceptions):  
[10-17-14 20:09:17][information] Application Import (/home/mark/sites/red/public/libraries/Desmond/Database/DBAL/Query):  
[10-17-14 20:09:17][information] Application Import (Desmond/Database/DBAL/Query):  
[10-17-14 20:09:17][information] Application Import (Desmond::Database::DBAL::Query::IQueryBuilder.php):  
[10-17-14 20:09:17][information] Application Import (Desmond::Database::DBAL::Exceptions::QueryBuilderNoTableException.php):  
[10-17-14 20:09:17][information] Application Import (Desmond::Database::DBAL::Exceptions::QueryBuilderWhereOperatorException.php):  
[10-17-14 20:09:17][information] Application Import (Desmond/Database/DBAL/Drivers/MySQL):  
[10-17-14 20:09:17][information] Application Import (/home/mark/sites/red/public/libraries/Desmond/Database/DBAL/Exceptions):  
[10-17-14 20:09:17][information] Application Import (/home/mark/sites/red/public/libraries/Desmond/Database/DBAL/Query):  
[10-17-14 20:09:17][information] Application Import (Desmond::Database::DBAL::Database.php):  
[10-17-14 20:09:17][information] Application Import (Desmond/Database/DBAL/Query):  
[10-17-14 20:09:17][information] Application Import (Desmond/Database/DBAL/Drivers/MySQL):  
[10-17-14 20:09:17][information] Application Import (Desmond/Database/ORM):  
[10-17-14 20:09:17][information] Application Import (Desmond::Database::ORM::IModel.php):  
[10-17-14 20:09:17][information] Application Import (Valitron::Validator::Validator.php):  
[10-17-14 20:09:17][information] Application Import (Desmond::Auth::Password::IPassword.php):  
[10-17-14 20:09:17][information] Application Import (Desmond::Auth::Password::Password.php):  
[10-17-14 20:09:17][information] Application Import (Desmond::Auth::Auth::IAuth.php):  
[10-17-14 20:09:17][information] Application Import (Desmond::Auth::Auth::Auth.php):  
[10-17-14 20:09:17][information] Application Import (Swift::Mail::swift_required.php):  
[10-17-14 20:09:17][information] Application Import (Desmond::Mail::Mail.php):  
[10-17-14 20:09:17][information] Application Import (Models):  
[10-17-14 20:09:17][information] Application Import (Desmond::Element::Element.php):  
[10-17-14 20:09:17][information] Application Import (Desmond/HTTP/Router):  
[10-17-14 20:09:17][information] Application Import (Desmond::HTTP::Router::IRouterQuery.php):  
[10-17-14 20:09:17][information] Application Import (Desmond::HTTP::Router::Query.php):  
[10-17-14 20:09:17][information] Application Import (Desmond/HTTP/Request):  
[10-17-14 20:09:17][information] Application Import (Desmond::HTTP::Request::IRequest.php):  
[10-17-14 20:09:17][information] Application Import (Desmond/HTTP/Response):  
[10-17-14 20:09:17][information] Application Import (Desmond::HTTP::Response::IResponse.php):  
[10-17-14 20:09:17][information] Application Import (Desmond/Session/Memory):  
[10-17-14 20:09:17][information] Application Import (Desmond::Session::ISession.php):  
[10-17-14 20:09:17][information] Application Import (Desmond/Caching/Memory):  
[10-17-14 20:09:17][information] Application Import (Desmond::Caching::Memory::IMemoryCache.php):  
[10-17-14 20:09:17][information] Application Import (Desmond/Language/Loader):  
[10-17-14 20:09:17][information] Application Import (Desmond::Language::Loader::ILanguage.php):  
[10-17-14 20:09:17][information] Application Import (Desmond::Auth::Password::IPassword.php):  
[10-17-14 20:09:17][information] Application Import (Phpass::Hasher::hasher.php):  
[10-17-14 20:09:17][information] Application Import (Desmond::Auth::Password::Drivers::Blowfish.php):  
[10-17-14 20:09:17][information] Application Import (Desmond::Auth::Auth::IAuth.php):  
[10-17-14 20:09:17][information] Application Import (Desmond::Auth::Auth::Drivers::Model.php):  
[10-17-14 20:09:18][information] Application Import (Desmond/Exceptions):  
[10-17-14 20:09:18][information] Application Import (PHPError/Debug):  
[10-17-14 20:09:18][information] Application Import (Kint::Kint.class.php):  
[10-17-14 20:09:18][information] Application Import (Desmond/Controller):  
[10-17-14 20:09:18][information] Application Import (Desmond::Controller::IController.php):  
[10-17-14 20:09:18][information] Application Import (Desmond/Template):  
[10-17-14 20:09:18][information] Application Import (Twig::Autoloader.php):  
[10-17-14 20:09:18][information] Application Import (Desmond/Database/DBAL):  
[10-17-14 20:09:18][information] Application Import (Desmond::Database::DBAL::Drivers::IDatabaseConnection.php):  
[10-17-14 20:09:18][information] Application Import (Desmond::Database::DBAL::Drivers::IDatabaseQuery.php):  
[10-17-14 20:09:18][information] Application Import (Desmond/Database/DBAL/Drivers/MySQL):  
[10-17-14 20:09:18][information] Application Import (Desmond::Database::DBAL::Drivers::IDatabaseQuery.php):  
[10-17-14 20:09:18][information] Application Import (Desmond::Database::DBAL::Exceptions::DatabaseQueryException.php):  
[10-17-14 20:09:18][information] Application Import (Desmond::Database::DBAL::Exceptions::DatabaseNoQueryException.php):  
[10-17-14 20:09:18][information] Application Import (Desmond::Database::DBAL::Drivers::IDatabaseConnection.php):  
[10-17-14 20:09:18][information] Application Import (Desmond::Database::DBAL::Exceptions::DatabaseConnectionException.php):  
[10-17-14 20:09:18][information] Application Import (/home/mark/sites/red/public/libraries/Desmond/Database/DBAL/Drivers):  
[10-17-14 20:09:18][information] Application Import (Desmond::Database::DBAL::Drivers::IDatabaseConnection.php):  
[10-17-14 20:09:18][information] Application Import (Desmond/Database/DBAL/Drivers/MySQL):  
[10-17-14 20:09:18][information] Application Import (Desmond/Database/DBAL/Drivers/SQLite):  
[10-17-14 20:09:18][information] Application Import (Desmond::Database::DBAL::Drivers::IDatabaseQuery.php):  
[10-17-14 20:09:18][information] Application Import (Desmond::Database::DBAL::Exceptions::DatabaseQueryException.php):  
[10-17-14 20:09:18][information] Application Import (Desmond::Database::DBAL::Exceptions::DatabaseNoQueryException.php):  
[10-17-14 20:09:18][information] Application Import (Desmond::Database::DBAL::Drivers::IDatabaseConnection.php):  
[10-17-14 20:09:18][information] Application Import (Desmond::Database::DBAL::Exceptions::DatabaseConnectionException.php):  
[10-17-14 20:09:18][information] Application Import (Desmond/Database/DBAL):  
[10-17-14 20:09:18][information] Application Import (/home/mark/sites/red/public/libraries/Desmond/Database/DBAL/Drivers):  
[10-17-14 20:09:18][information] Application Import (/home/mark/sites/red/public/libraries/Desmond/Database/DBAL/Exceptions):  
[10-17-14 20:09:18][information] Application Import (/home/mark/sites/red/public/libraries/Desmond/Database/DBAL/Query):  
[10-17-14 20:09:18][information] Application Import (Desmond/Database/DBAL/Query):  
[10-17-14 20:09:18][information] Application Import (Desmond::Database::DBAL::Query::IQueryBuilder.php):  
[10-17-14 20:09:18][information] Application Import (Desmond::Database::DBAL::Exceptions::QueryBuilderNoTableException.php):  
[10-17-14 20:09:18][information] Application Import (Desmond::Database::DBAL::Exceptions::QueryBuilderWhereOperatorException.php):  
[10-17-14 20:09:18][information] Application Import (Desmond/Database/DBAL/Drivers/MySQL):  
[10-17-14 20:09:18][information] Application Import (/home/mark/sites/red/public/libraries/Desmond/Database/DBAL/Exceptions):  
[10-17-14 20:09:18][information] Application Import (/home/mark/sites/red/public/libraries/Desmond/Database/DBAL/Query):  
[10-17-14 20:09:18][information] Application Import (Desmond::Database::DBAL::Database.php):  
[10-17-14 20:09:18][information] Application Import (Desmond/Database/DBAL/Query):  
[10-17-14 20:09:18][information] Application Import (Desmond/Database/DBAL/Drivers/MySQL):  
[10-17-14 20:09:18][information] Application Import (Desmond/Database/ORM):  
[10-17-14 20:09:18][information] Application Import (Desmond::Database::ORM::IModel.php):  
[10-17-14 20:09:18][information] Application Import (Valitron::Validator::Validator.php):  
[10-17-14 20:09:18][information] Application Import (Desmond::Auth::Password::IPassword.php):  
[10-17-14 20:09:18][information] Application Import (Desmond::Auth::Password::Password.php):  
[10-17-14 20:09:18][information] Application Import (Desmond::Auth::Auth::IAuth.php):  
[10-17-14 20:09:18][information] Application Import (Desmond::Auth::Auth::Auth.php):  
[10-17-14 20:09:18][information] Application Import (Swift::Mail::swift_required.php):  
[10-17-14 20:09:18][information] Application Import (Desmond::Mail::Mail.php):  
[10-17-14 20:09:18][information] Application Import (Models):  
[10-17-14 20:09:18][information] Application Import (Desmond::Element::Element.php):  
[10-17-14 20:09:18][information] Application Import (Desmond/HTTP/Router):  
[10-17-14 20:09:18][information] Application Import (Desmond::HTTP::Router::IRouterQuery.php):  
[10-17-14 20:09:18][information] Application Import (Desmond::HTTP::Router::Query.php):  
[10-17-14 20:09:18][information] Application Import (Desmond/HTTP/Request):  
[10-17-14 20:09:18][information] Application Import (Desmond::HTTP::Request::IRequest.php):  
[10-17-14 20:09:18][information] Application Import (Desmond/HTTP/Response):  
[10-17-14 20:09:18][information] Application Import (Desmond::HTTP::Response::IResponse.php):  
[10-17-14 20:09:18][information] Application Import (Desmond/Session/Memory):  
[10-17-14 20:09:18][information] Application Import (Desmond::Session::ISession.php):  
[10-17-14 20:09:18][information] Application Import (Desmond/Caching/Memory):  
[10-17-14 20:09:18][information] Application Import (Desmond::Caching::Memory::IMemoryCache.php):  
[10-17-14 20:09:18][information] Application Import (Desmond/Language/Loader):  
[10-17-14 20:09:18][information] Application Import (Desmond::Language::Loader::ILanguage.php):  
[10-17-14 20:09:18][information] Application Import (Desmond::Auth::Password::IPassword.php):  
[10-17-14 20:09:18][information] Application Import (Phpass::Hasher::hasher.php):  
[10-17-14 20:09:18][information] Application Import (Desmond::Auth::Password::Drivers::Blowfish.php):  
[10-17-14 20:09:18][information] Application Import (Desmond::Auth::Auth::IAuth.php):  
[10-17-14 20:09:18][information] Application Import (Desmond::Auth::Auth::Drivers::Model.php):  
